<?xml version="1.0" encoding="UTF-8"?>
<testsuite xmlns:xsi="http://www.w3.org/2001/XMLSchema-instance" xsi:noNamespaceSchemaLocation="https://maven.apache.org/surefire/maven-surefire-plugin/xsd/surefire-test-report-3.0.xsd" version="3.0" name="TestSuite" time="32.373" tests="54" errors="0" skipped="0" failures="0">
  <properties>
[...]
</properties>
  <testcase name="validlocale" classname="SumUp.getusers" time="6.879"/>
  <testcase name="validlocale" classname="SumUp.getusers" time="0.452"/>
  <testcase name="validlocale" classname="SumUp.getusers" time="0.366"/>
  <testcase name="validlocale" classname="SumUp.getusers" time="0.323"/>
  <testcase name="validlocale" classname="SumUp.getusers" time="0.292"/>
  <testcase name="validlocale" classname="SumUp.getusers" time="0.356"/>
  <testcase name="validlocale" classname="SumUp.getusers" time="0.278"/>
  <testcase name="validlocale" classname="SumUp.getusers" time="0.592"/>
  <testcase name="validlocale" classname="SumUp.getusers" time="0.269"/>
  <testcase name="validlocale" classname="SumUp.getusers" time="0.247"/>
  <testcase name="validlocale" classname="SumUp.getusers" time="0.26"/>
  <testcase name="validlocale" classname="SumUp.getusers" time="0.278"/>
  <testcase name="validlocale" classname="SumUp.getusers" time="0.278"/>
  <testcase name="validlocale" classname="SumUp.getusers" time="0.264"/>
  <testcase name="validlocale" classname="SumUp.getusers" time="0.23"/>
  <testcase name="validlocale" classname="SumUp.getusers" time="0.883"/>
  <testcase name="validlocale" classname="SumUp.getusers" time="0.206"/>
  <testcase name="validlocale" classname="SumUp.getusers" time="0.215"/>
  <testcase name="validlocale" classname="SumUp.getusers" time="0.202"/>
  <testcase name="validlocale" classname="SumUp.getusers" time="0.192"/>
  <testcase name="validlocale" classname="SumUp.getusers" time="0.199"/>
  <testcase name="validlocale" classname="SumUp.getusers" time="0.219"/>
  <testcase name="validlocale" classname="SumUp.getusers" time="0.218"/>
  <testcase name="validlocale" classname="SumUp.getusers" time="0.195"/>
  <testcase name="validlocale" classname="SumUp.getusers" time="0.159"/>
  <testcase name="validlocale" classname="SumUp.getusers" time="0.215"/>
  <testcase name="validlocale" classname="SumUp.getusers" time="0.182"/>
  <testcase name="validlocale" classname="SumUp.getusers" time="0.173"/>
  <testcase name="validlocale" classname="SumUp.getusers" time="0.172"/>
  <testcase name="validlocale" classname="SumUp.getusers" time="0.225"/>
  <testcase name="validlocale" classname="SumUp.getusers" time="0.222"/>
  <testcase name="validlocale" classname="SumUp.getusers" time="0.193"/>
  <testcase name="validlocale" classname="SumUp.getusers" time="0.199"/>
  <testcase name="validlocale" classname="SumUp.getusers" time="0.175"/>
  <testcase name="validlocale" classname="SumUp.getusers" time="0.132"/>
  <testcase name="validlocale" classname="SumUp.getusers" time="0.208"/>
  <testcase name="validlocale" classname="SumUp.getusers" time="0.17"/>
  <testcase name="validlocale" classname="SumUp.getusers" time="0.222"/>
  <testcase name="validlocale" classname="SumUp.getusers" time="0.237"/>
  <testcase name="validlocale" classname="SumUp.getusers" time="0.192"/>
  <testcase name="validlocale" classname="SumUp.getusers" time="0.195"/>
  <testcase name="validlocale" classname="SumUp.getusers" time="0.189"/>
  <testcase name="validlocale" classname="SumUp.getusers" time="0.177"/>
  <testcase name="validlocale" classname="SumUp.getusers" time="0.182"/>
  <testcase name="validlocale" classname="SumUp.getusers" time="0.191"/>
  <testcase name="validlocale" classname="SumUp.getusers" time="0.319"/>
  <testcase name="validlocale" classname="SumUp.getusers" time="0.372"/>
  <testcase name="validlocale" classname="SumUp.getusers" time="0.192"/>
  <testcase name="validlocale" classname="SumUp.getusers" time="0.202"/>
  <testcase name="validlocale" classname="SumUp.getusers" time="0.265"/>
  <testcase name="validlocale" classname="SumUp.getusers" time="0.294"/>
  <testcase name="validlocale" classname="SumUp.getusers" time="0.23"/>
  <testcase name="validlocale" classname="SumUp.getusers" time="0.257"/>
  <testcase name="jsonschema" classname="SumUp.Pojoclass_Validation" time="0.65"/>
</testsuite>